<?xml version="1.0" encoding="UTF-8"?>
<!-- Generated by org.testng.reporters.JUnitReportReporter -->
<testsuite hostname="HSWEBDEV323" name="Tests.LoginTestThree" tests="1" failures="0" timestamp="18 Jan 2016 12:15:55 GMT" time="38.554" errors="0">
  <testcase name="verifyLoginLogoutThree" time="38.554" classname="Tests.LoginTestThree"/>
</testsuite> <!-- Tests.LoginTestThree -->
