<?xml version="1.0" encoding="UTF-8"?>
<!-- Generated by org.testng.reporters.JUnitReportReporter -->
<testsuite hostname="HSWEBDEV323" name="Tests.LoginTestFour" tests="1" failures="0" timestamp="18 Jan 2016 12:15:55 GMT" time="70.811" errors="0">
  <testcase name="verifyLoginLogout" time="70.811" classname="Tests.LoginTestFour"/>
</testsuite> <!-- Tests.LoginTestFour -->
